# Logfile created on 2014-06-04 16:11:13 +0800 by logger.rb/36483

I, [2014-06-04T16:40:43.431464 #2824]  INFO -- : @form_attr: {"arrival_date"=>"2014-06-04", "arrival_time"=>"16:30", "leave_time"=>""}

I, [2014-06-04T16:40:43.431780 #2824]  INFO -- : Leave time: 

I, [2014-06-04T16:40:43.434707 #2824]  INFO -- : []
I, [2014-06-04T16:40:43.435041 #2824]  INFO -- : nil
I, [2014-06-04T16:54:10.080968 #2824]  INFO -- : @form_attr: {"arrival_date"=>"2014-06-04", "arrival_time"=>"13:20", "leave_time"=>"14:20"}

I, [2014-06-04T16:54:10.081244 #2824]  INFO -- : Leave time: 14:20

I, [2014-06-04T16:54:10.084172 #2824]  INFO -- : ["14", "20"]
I, [2014-06-04T16:54:10.084565 #2824]  INFO -- : nil
I, [2014-06-04T16:55:09.676292 #2824]  INFO -- : @form_attr: {"arrival_date"=>"2014-06-04", "arrival_time"=>"13:30", "leave_time"=>""}

I, [2014-06-04T16:55:09.676608 #2824]  INFO -- : Leave time: 

I, [2014-06-04T16:55:09.679691 #2824]  INFO -- : []
I, [2014-06-04T16:55:09.680093 #2824]  INFO -- : nil
I, [2014-06-04T16:57:20.535508 #2824]  INFO -- : @form_attr: {"arrival_date"=>"2014-06-04", "arrival_time"=>"14:30", "leave_time"=>""}

I, [2014-06-04T16:57:20.535792 #2824]  INFO -- : Leave time: 

I, [2014-06-04T16:57:20.538795 #2824]  INFO -- : nil
I, [2014-06-04T17:04:42.066029 #2824]  INFO -- : #<ActiveRecord::Relation [#<StudentAttendance id: 2343, student_id: 100, arrival: "2014-06-04 09:02:00", leave: "2014-06-04 08:39:29">, #<StudentAttendance id: 2344, student_id: 148, arrival: "2014-06-04 06:00:00", leave: "2014-06-04 07:15:43">, #<StudentAttendance id: 2346, student_id: 103, arrival: "2014-06-04 07:20:10", leave: nil>, #<StudentAttendance id: 2347, student_id: 113, arrival: "2014-06-04 08:03:23", leave: nil>, #<StudentAttendance id: 2348, student_id: 131, arrival: "2014-06-04 08:04:22", leave: nil>, #<StudentAttendance id: 2349, student_id: 180, arrival: "2014-06-04 07:00:00", leave: "2014-06-04 08:25:12">, #<StudentAttendance id: 2350, student_id: 182, arrival: "2014-06-04 04:30:00", leave: "2014-06-04 08:09:18">, #<StudentAttendance id: 2357, student_id: 109, arrival: "2014-06-04 08:26:22", leave: nil>, #<StudentAttendance id: 2358, student_id: 104, arrival: "2014-06-04 08:33:56", leave: nil>, #<StudentAttendance id: 2360, student_id: 124, arrival: "2014-06-04 08:41:25", leave: nil>, ...]>
I, [2014-06-04T18:05:34.806897 #2824]  INFO -- : #<ActiveRecord::Relation [#<StudentAttendance id: 2343, student_id: 100, arrival: "2014-06-04 09:02:00", leave: "2014-06-04 08:39:29">, #<StudentAttendance id: 2344, student_id: 148, arrival: "2014-06-04 06:00:00", leave: "2014-06-04 07:15:43">, #<StudentAttendance id: 2346, student_id: 103, arrival: "2014-06-04 07:20:10", leave: "2014-06-04 09:54:10">, #<StudentAttendance id: 2347, student_id: 113, arrival: "2014-06-04 08:03:23", leave: nil>, #<StudentAttendance id: 2348, student_id: 131, arrival: "2014-06-04 08:04:22", leave: nil>, #<StudentAttendance id: 2349, student_id: 180, arrival: "2014-06-04 07:00:00", leave: "2014-06-04 08:25:12">, #<StudentAttendance id: 2350, student_id: 182, arrival: "2014-06-04 04:30:00", leave: "2014-06-04 08:09:18">, #<StudentAttendance id: 2357, student_id: 109, arrival: "2014-06-04 08:26:22", leave: nil>, #<StudentAttendance id: 2358, student_id: 104, arrival: "2014-06-04 08:33:56", leave: nil>, #<StudentAttendance id: 2360, student_id: 124, arrival: "2014-06-04 08:41:25", leave: nil>, ...]>
I, [2014-06-04T19:43:13.607693 #2824]  INFO -- : #<ActiveRecord::Relation [#<StudentAttendance id: 2343, student_id: 100, arrival: "2014-06-04 09:02:00", leave: "2014-06-04 08:39:29">, #<StudentAttendance id: 2344, student_id: 148, arrival: "2014-06-04 06:00:00", leave: "2014-06-04 07:15:43">, #<StudentAttendance id: 2346, student_id: 103, arrival: "2014-06-04 07:20:10", leave: "2014-06-04 09:54:10">, #<StudentAttendance id: 2347, student_id: 113, arrival: "2014-06-04 08:03:23", leave: "2014-06-04 11:16:18">, #<StudentAttendance id: 2348, student_id: 131, arrival: "2014-06-04 08:04:22", leave: "2014-06-04 10:37:20">, #<StudentAttendance id: 2349, student_id: 180, arrival: "2014-06-04 07:00:00", leave: "2014-06-04 08:25:12">, #<StudentAttendance id: 2350, student_id: 182, arrival: "2014-06-04 04:30:00", leave: "2014-06-04 08:09:18">, #<StudentAttendance id: 2357, student_id: 109, arrival: "2014-06-04 08:26:22", leave: "2014-06-04 10:20:38">, #<StudentAttendance id: 2358, student_id: 104, arrival: "2014-06-04 08:33:56", leave: "2014-06-04 11:43:07">, #<StudentAttendance id: 2360, student_id: 124, arrival: "2014-06-04 08:41:25", leave: nil>, ...]>
I, [2014-06-04T19:44:57.922786 #2824]  INFO -- : #<ActiveRecord::Relation [#<StudentAttendance id: 2343, student_id: 100, arrival: "2014-06-04 09:02:00", leave: "2014-06-04 08:39:29">, #<StudentAttendance id: 2344, student_id: 148, arrival: "2014-06-04 06:00:00", leave: "2014-06-04 07:15:43">, #<StudentAttendance id: 2346, student_id: 103, arrival: "2014-06-04 07:20:10", leave: "2014-06-04 09:54:10">, #<StudentAttendance id: 2347, student_id: 113, arrival: "2014-06-04 08:03:23", leave: "2014-06-04 11:16:18">, #<StudentAttendance id: 2348, student_id: 131, arrival: "2014-06-04 08:04:22", leave: "2014-06-04 10:37:20">, #<StudentAttendance id: 2349, student_id: 180, arrival: "2014-06-04 07:00:00", leave: "2014-06-04 08:25:12">, #<StudentAttendance id: 2350, student_id: 182, arrival: "2014-06-04 04:30:00", leave: "2014-06-04 08:09:18">, #<StudentAttendance id: 2357, student_id: 109, arrival: "2014-06-04 08:26:22", leave: "2014-06-04 10:20:38">, #<StudentAttendance id: 2358, student_id: 104, arrival: "2014-06-04 08:33:56", leave: "2014-06-04 11:43:07">, #<StudentAttendance id: 2360, student_id: 124, arrival: "2014-06-04 08:41:25", leave: "2014-06-04 11:43:25">, ...]>
I, [2014-06-04T19:45:25.785962 #2824]  INFO -- : #<ActiveRecord::Relation [#<StudentAttendance id: 2343, student_id: 100, arrival: "2014-06-04 09:02:00", leave: "2014-06-04 08:39:29">, #<StudentAttendance id: 2344, student_id: 148, arrival: "2014-06-04 06:00:00", leave: "2014-06-04 07:15:43">, #<StudentAttendance id: 2346, student_id: 103, arrival: "2014-06-04 07:20:10", leave: "2014-06-04 09:54:10">, #<StudentAttendance id: 2347, student_id: 113, arrival: "2014-06-04 08:03:23", leave: "2014-06-04 11:16:18">, #<StudentAttendance id: 2348, student_id: 131, arrival: "2014-06-04 08:04:22", leave: "2014-06-04 10:37:20">, #<StudentAttendance id: 2349, student_id: 180, arrival: "2014-06-04 07:00:00", leave: "2014-06-04 08:25:12">, #<StudentAttendance id: 2350, student_id: 182, arrival: "2014-06-04 04:30:00", leave: "2014-06-04 08:09:18">, #<StudentAttendance id: 2357, student_id: 109, arrival: "2014-06-04 08:26:22", leave: "2014-06-04 10:20:38">, #<StudentAttendance id: 2358, student_id: 104, arrival: "2014-06-04 08:33:56", leave: "2014-06-04 11:43:07">, #<StudentAttendance id: 2360, student_id: 124, arrival: "2014-06-04 08:41:25", leave: "2014-06-04 11:43:25">, ...]>
I, [2014-06-04T21:26:52.444494 #3906]  INFO -- : #<ActiveRecord::Relation [#<StudentAttendance id: 2343, student_id: 100, arrival: "2014-06-04 09:02:00", leave: "2014-06-04 08:39:29">, #<StudentAttendance id: 2344, student_id: 148, arrival: "2014-06-04 06:00:00", leave: "2014-06-04 07:15:43">, #<StudentAttendance id: 2346, student_id: 103, arrival: "2014-06-04 07:20:10", leave: "2014-06-04 09:54:10">, #<StudentAttendance id: 2347, student_id: 113, arrival: "2014-06-04 08:03:23", leave: "2014-06-04 11:16:18">, #<StudentAttendance id: 2348, student_id: 131, arrival: "2014-06-04 08:04:22", leave: "2014-06-04 10:37:20">, #<StudentAttendance id: 2349, student_id: 180, arrival: "2014-06-04 07:00:00", leave: "2014-06-04 08:25:12">, #<StudentAttendance id: 2350, student_id: 182, arrival: "2014-06-04 04:30:00", leave: "2014-06-04 08:09:18">, #<StudentAttendance id: 2357, student_id: 109, arrival: "2014-06-04 08:26:22", leave: "2014-06-04 10:20:38">, #<StudentAttendance id: 2358, student_id: 104, arrival: "2014-06-04 08:33:56", leave: "2014-06-04 11:43:07">, #<StudentAttendance id: 2360, student_id: 124, arrival: "2014-06-04 08:41:25", leave: "2014-06-04 11:43:25">, ...]>
I, [2014-06-04T21:51:42.132588 #3906]  INFO -- : [[#<ActiveRecord::AssociationRelation [#<StudentAttendance id: 1073, student_id: 101, arrival: "2014-01-03 05:46:27", leave: "2014-01-18 09:16:30">]>], [#<ActiveRecord::AssociationRelation [#<StudentAttendance id: 1334, student_id: 101, arrival: "2014-02-08 07:35:22", leave: "2014-02-08 11:24:30">]>], [#<ActiveRecord::AssociationRelation [#<StudentAttendance id: 1549, student_id: 101, arrival: "2014-03-08 09:13:37", leave: "2014-03-08 12:20:08">, #<StudentAttendance id: 1703, student_id: 101, arrival: "2014-03-26 05:59:40", leave: "2014-03-26 08:22:55">]>], [#<ActiveRecord::AssociationRelation []>]]

I, [2014-06-04T21:53:09.572770 #3906]  INFO -- : [[#<ActiveRecord::AssociationRelation 
[#<StudentAttendance id: 1098, student_id: 114, arrival: "2014-01-04 09:12:58", leave: "2014-01-04 12:27:01">, #<StudentAttendance id: 1110, student_id: 114, arrival: "2014-01-07 07:15:12", leave: "2014-01-07 11:55:22">, #<StudentAttendance id: 1235, student_id: 114, arrival: "2014-01-18 09:18:21", leave: "2014-01-18 12:02:34">, #<StudentAttendance id: 1280, student_id: 114, arrival: "2014-01-25 09:17:21", leave: "2014-01-25 11:54:55">]>], 
[#<ActiveRecord::AssociationRelation [#<StudentAttendance id: 1339, student_id: 114, arrival: "2014-02-08 09:12:27", leave: "2014-02-08 12:01:29">, #<StudentAttendance id: 1445, student_id: 114, arrival: "2014-02-22 09:16:04", leave: "2014-02-22 11:47:15">]>], 
[#<ActiveRecord::AssociationRelation [#<StudentAttendance id: 1491, student_id: 114, arrival: "2014-03-01 09:15:06", leave: "2014-03-01 12:16:31">, #<StudentAttendance id: 1551, student_id: 114, arrival: "2014-03-08 09:18:38", leave: "2014-03-08 12:15:51">, #<StudentAttendance id: 1621, student_id: 114, arrival: "2014-03-15 09:13:59", leave: "2014-03-15 11:47:16">, #<StudentAttendance id: 1680, student_id: 114, arrival: "2014-03-22 09:10:38", leave: "2014-03-22 12:21:12">, #<StudentAttendance id: 1737, student_id: 114, arrival: "2014-03-29 09:12:23", leave: "2014-03-29 11:55:10">]>], [#<ActiveRecord::AssociationRelation [#<StudentAttendance id: 1856, student_id: 114, arrival: "2014-04-12 09:12:39", leave: "2014-04-12 11:47:35">, #<StudentAttendance id: 1966, student_id: 114, arrival: "2014-04-26 09:10:16", leave: "2014-04-26 11:50:53">]>]]
I, [2014-06-04T21:57:12.114470 #3906]  INFO -- : 2014-01-31 23:59:59 +0800
I, [2014-06-04T21:57:12.116211 #3906]  INFO -- : 2014-02-28 23:59:59 +0800
I, [2014-06-04T21:57:12.116715 #3906]  INFO -- : 2014-03-31 23:59:59 +0800
I, [2014-06-04T21:57:12.117138 #3906]  INFO -- : 2014-04-30 23:59:59 +0800
I, [2014-06-04T21:57:43.914490 #3906]  INFO -- : Month: end_that_month
I, [2014-06-04T21:57:43.916712 #3906]  INFO -- : Month: end_that_month
I, [2014-06-04T21:57:43.917373 #3906]  INFO -- : Month: end_that_month
I, [2014-06-04T21:57:43.917965 #3906]  INFO -- : Month: end_that_month
I, [2014-06-04T21:58:04.753017 #3906]  INFO -- : Month: 2014-01-31 23:59:59 +0800
I, [2014-06-04T21:58:04.754709 #3906]  INFO -- : Month: 2014-02-28 23:59:59 +0800
I, [2014-06-04T21:58:04.755230 #3906]  INFO -- : Month: 2014-03-31 23:59:59 +0800
I, [2014-06-04T21:58:04.755731 #3906]  INFO -- : Month: 2014-04-30 23:59:59 +0800
I, [2014-06-04T21:58:46.576970 #3906]  INFO -- : Month: 2014-01-31 23:59:59 +0800
I, [2014-06-04T21:58:46.578673 #3906]  INFO -- : Month: 2014-02-28 23:59:59 +0800
I, [2014-06-04T21:58:46.579172 #3906]  INFO -- : Month: 2014-03-31 23:59:59 +0800
I, [2014-06-04T21:58:46.579634 #3906]  INFO -- : Month: 2014-04-30 23:59:59 +0800
I, [2014-06-04T21:58:46.580113 #3906]  INFO -- : Month: 2014-05-31 23:59:59 +0800
I, [2014-06-04T22:06:01.263762 #3906]  INFO -- : Month: 2014-01-31 23:59:59 +0800
I, [2014-06-04T22:06:01.267332 #3906]  INFO -- : Month: 2014-02-28 23:59:59 +0800
I, [2014-06-04T22:06:01.269414 #3906]  INFO -- : Month: 2014-03-31 23:59:59 +0800
I, [2014-06-04T22:06:01.271454 #3906]  INFO -- : Month: 2014-04-30 23:59:59 +0800
I, [2014-06-04T22:06:01.273481 #3906]  INFO -- : Month: 2014-05-31 23:59:59 +0800
I, [2014-06-04T22:19:46.685269 #3906]  INFO -- : Month: 2014-01-31 23:59:59 +0800
I, [2014-06-04T22:19:46.691795 #3906]  INFO -- : Month: 2014-02-28 23:59:59 +0800
I, [2014-06-04T22:19:46.698763 #3906]  INFO -- : Month: 2014-03-31 23:59:59 +0800
I, [2014-06-04T22:19:46.703299 #3906]  INFO -- : Month: 2014-04-30 23:59:59 +0800
I, [2014-06-04T22:19:46.708268 #3906]  INFO -- : Month: 2014-05-31 23:59:59 +0800
I, [2014-06-04T22:25:25.860230 #3906]  INFO -- : Month: 2014-01-31 23:59:59 +0800
I, [2014-06-04T22:25:25.867519 #3906]  INFO -- : Month: 2014-02-28 23:59:59 +0800
I, [2014-06-04T22:25:25.872290 #3906]  INFO -- : Month: 2014-03-31 23:59:59 +0800
I, [2014-06-04T22:25:25.875541 #3906]  INFO -- : Month: 2014-04-30 23:59:59 +0800
I, [2014-06-04T22:25:25.877625 #3906]  INFO -- : Month: 2014-05-31 23:59:59 +0800
I, [2014-06-04T22:27:02.233282 #3906]  INFO -- : #<ActiveRecord::Relation [#<StudentAttendance id: 2343, student_id: 100, arrival: "2014-06-04 09:02:00", leave: "2014-06-04 08:39:29">, #<StudentAttendance id: 2344, student_id: 148, arrival: "2014-06-04 06:00:00", leave: "2014-06-04 07:15:43">, #<StudentAttendance id: 2346, student_id: 103, arrival: "2014-06-04 07:20:10", leave: "2014-06-04 09:54:10">, #<StudentAttendance id: 2347, student_id: 113, arrival: "2014-06-04 08:03:23", leave: "2014-06-04 11:16:18">, #<StudentAttendance id: 2348, student_id: 131, arrival: "2014-06-04 08:04:22", leave: "2014-06-04 10:37:20">, #<StudentAttendance id: 2349, student_id: 180, arrival: "2014-06-04 07:00:00", leave: "2014-06-04 08:25:12">, #<StudentAttendance id: 2350, student_id: 182, arrival: "2014-06-04 04:30:00", leave: "2014-06-04 08:09:18">, #<StudentAttendance id: 2357, student_id: 109, arrival: "2014-06-04 08:26:22", leave: "2014-06-04 10:20:38">, #<StudentAttendance id: 2358, student_id: 104, arrival: "2014-06-04 08:33:56", leave: "2014-06-04 11:43:07">, #<StudentAttendance id: 2360, student_id: 124, arrival: "2014-06-04 08:41:25", leave: "2014-06-04 11:43:25">, ...]>
I, [2014-06-05T11:00:52.885578 #1940]  INFO -- : #<ActiveRecord::Relation [#<StudentAttendance id: 2378, student_id: 177, arrival: "2014-06-05 03:00:37", leave: nil>]>
